CRITICAL - 2020-04-16 11:05:31 --> require(./head.php): failed to open stream: No such file or directory
#0 C:\Users\rapha\Documents\Web\new_lab\forumlog\app\Views\templates\header.php(1): CodeIgniter\Debug\Exceptions->errorHandler(2, 'require(./head....', 'C:\\Users\\rapha\\...', 1, Array)
#1 C:\Users\rapha\Documents\Web\new_lab\forumlog\app\Views\templates\header.php(1): require()
#2 C:\Users\rapha\Documents\Web\new_lab\forumlog\system\View\View.php(236): include('C:\\Users\\rapha\\...')
#3 C:\Users\rapha\Documents\Web\new_lab\forumlog\system\Common.php(1077): CodeIgniter\View\View->render('templates/heade...', Array, true)
#4 C:\Users\rapha\Documents\Web\new_lab\forumlog\app\Controllers\Home.php(7): view('templates/heade...', Array)
#5 C:\Users\rapha\Documents\Web\new_lab\forumlog\system\CodeIgniter.php(912): App\Controllers\Home->index()
#6 C:\Users\rapha\Documents\Web\new_lab\forumlog\system\CodeIgniter.php(400): CodeIgniter\CodeIgniter->runController(Object(App\Controllers\Home))
#7 C:\Users\rapha\Documents\Web\new_lab\forumlog\system\CodeIgniter.php(308): CodeIgniter\CodeIgniter->handleRequest(NULL, Object(Config\Cache), false)
#8 C:\Users\rapha\Documents\Web\new_lab\forumlog\public\index.php(45): CodeIgniter\CodeIgniter->run()
#9 C:\Users\rapha\Documents\Web\new_lab\forumlog\system\Commands\Server\rewrite.php(34): require_once('C:\\Users\\rapha\\...')
#10 {main}
CRITICAL - 2020-04-16 11:33:52 --> require(./head.php): failed to open stream: No such file or directory
#0 C:\Users\rapha\Documents\Web\new_lab\forumlog\app\Views\templates\header.php(1): CodeIgniter\Debug\Exceptions->errorHandler(2, 'require(./head....', 'C:\\Users\\rapha\\...', 1, Array)
#1 C:\Users\rapha\Documents\Web\new_lab\forumlog\app\Views\templates\header.php(1): require()
#2 C:\Users\rapha\Documents\Web\new_lab\forumlog\system\View\View.php(236): include('C:\\Users\\rapha\\...')
#3 C:\Users\rapha\Documents\Web\new_lab\forumlog\system\Common.php(1077): CodeIgniter\View\View->render('templates/heade...', Array, true)
#4 C:\Users\rapha\Documents\Web\new_lab\forumlog\app\Controllers\Home.php(7): view('templates/heade...', Array)
#5 C:\Users\rapha\Documents\Web\new_lab\forumlog\system\CodeIgniter.php(912): App\Controllers\Home->index()
#6 C:\Users\rapha\Documents\Web\new_lab\forumlog\system\CodeIgniter.php(400): CodeIgniter\CodeIgniter->runController(Object(App\Controllers\Home))
#7 C:\Users\rapha\Documents\Web\new_lab\forumlog\system\CodeIgniter.php(308): CodeIgniter\CodeIgniter->handleRequest(NULL, Object(Config\Cache), false)
#8 C:\Users\rapha\Documents\Web\new_lab\forumlog\public\index.php(45): CodeIgniter\CodeIgniter->run()
#9 C:\Users\rapha\Documents\Web\new_lab\forumlog\system\Commands\Server\rewrite.php(34): require_once('C:\\Users\\rapha\\...')
#10 {main}
